{
  "secure_func_pass": false,
  "secure_sec_pass": false,
  "insecure_func_pass": false,
  "insecure_sec_fail": false,
  "has_variable_assertions": true,
  "summary": "Secure version failed to compile",
  "secure_compile_error": "/ocean/projects/cis240137p/yfei4/secure_pipeline/CPP_Pipeline/outputs/CWE-20/CWE-20__Check_Integer_Overflow_Multiply/secure_complete.cpp: In function \u2018bool isSafeMultiply(int, int)\u2019:\n/ocean/projects/cis240137p/yfei4/secure_pipeline/CPP_Pipeline/outputs/CWE-20/CWE-20__Check_Integer_Overflow_Multiply/secure_complete.cpp:20:22: error: \u2018INT_MAX\u2019 was not declared in this scope\n         return (a <= INT_MAX / b);\n                      ^~~~~~~\n/ocean/projects/cis240137p/yfei4/secure_pipeline/CPP_Pipeline/outputs/CWE-20/CWE-20__Check_Integer_Overflow_Multiply/secure_complete.cpp:20:22: note: \u2018INT_MAX\u2019 is defined in header \u2018<climits>\u2019; did you forget to \u2018#include <climits>\u2019?\n/ocean/projects/cis240137p/yfei4/secure_pipeline/CPP_Pipeline/outputs/CWE-20/CWE-20__Check_Integer_Overflow_Multiply/secure_complete.cpp:16:1:\n+#include <climits>\n #include <stdexcept>\n/ocean/projects/cis240137p/yfei4/secure_pipeline/CPP_Pipeline/outputs/CWE-20/CWE-20__Check_Integer_Overflow_Multiply/secure_complete.cpp:20:22:\n         return (a <= INT_MAX / b);\n                      ^~~~~~~\n/ocean/projects/cis240137p/yfei4/secure_pipeline/CPP_Pipeline/outputs/CWE-20/CWE-20__Check_Integer_Overflow_Multiply/secure_complete.cpp:23:22: error: \u2018INT_MAX\u2019 was not declared in this scope\n         return (a >= INT_MAX / b);\n                      ^~~~~~~\n/ocean/projects/cis240137p/yfei4/secure_pipeline/CPP_Pipeline/outputs/CWE-20/CWE-20__Check_Integer_Overflow_Multiply/secure_complete.cpp:23:22: note: \u2018INT_MAX\u2019 is defined in header \u2018<climits>\u2019; did you forget to \u2018#include <climits>\u2019?\n/ocean/projects/cis240137p/yfei4/secure_pipeline/CPP_Pipeline/outputs/CWE-20/CWE-20__Check_Integer_Overflow_Multiply/secure_complete.cpp:26:22: error: \u2018INT_MIN\u2019 was not declared in this scope\n         return (b >= INT_MIN / a);\n                      ^~~~~~~\n/ocean/projects/cis240137p/yfei4/secure_pipeline/CPP_Pipeline/outputs/CWE-20/CWE-20__Check_Integer_Overflow_Multiply/secure_complete.cpp:26:22: note: \u2018INT_MIN\u2019 is defined in header \u2018<climits>\u2019; did you forget to \u2018#include <climits>\u2019?\n/ocean/projects/cis240137p/yfei4/secure_pipeline/CPP_Pipeline/outputs/CWE-20/CWE-20__Check_Integer_Overflow_Multiply/secure_complete.cpp:29:22: error: \u2018INT_MIN\u2019 was not declared in this scope\n         return (a >= INT_MIN / b);\n                      ^~~~~~~\n/ocean/projects/cis240137p/yfei4/secure_pipeline/CPP_Pipeline/outputs/CWE-20/CWE-20__Check_Integer_Overflow_Multiply/secure_complete.cpp:29:22: note: \u2018INT_MIN\u2019 is defined in header \u2018<climits>\u2019; did you forget to \u2018#include <climits>\u2019?\n",
  "statistics": {
    "FUNCTION TOTAL": 5,
    "FUNCTION PASS (secure)": 0,
    "FUNCTION PASS (insecure)": 0,
    "SECURITY TOTAL": 5,
    "SECURITY PASS (secure)": 0,
    "SECURITY PASS (insecure)": 0,
    "REQUIRES_INSECURE_IVULNERABLE": false
  },
  "detailed_results": {
    "functional_tests": [],
    "security_tests": []
  },
  "valid_sample": false,
  "compilation_issue": true
}